<?xml version="1.0" encoding="UTF-8"?>
<!-- Generated by org.testng.reporters.JUnitXMLReporter -->
<testsuite ignored="0" hostname="DESKTOP-PGVA324" failures="0" tests="5" name="Test" time="124.732" errors="0" timestamp="2022-08-16T22:56:40 GMT-04:00">
  <testcase classname="tests.FourTest" name="fourtest" time="0.005"/>
  <testcase classname="tests.TwoTest" name="twotest" time="0.0"/>
  <testcase classname="tests.LoginTest" name="login" time="7.593"/>
  <testcase classname="tests.LoginTest" name="login" time="19.983"/>
  <testcase classname="tests.ThreeTest" name="threetest" time="0.0"/>
</testsuite> <!-- Test -->
